[1.849s] Invoking command in '/workspaces/ros_agv_pc/src/build/agv_mcu_package': CMAKE_PREFIX_PATH=${CMAKE_PREFIX_PATH}:/workspaces/ros_agv_pc/src/install/textual_gui_pkg:/workspaces/ros_agv_pc/src/install/py_qt_app:/workspaces/ros_agv_pc/src/install/AGV_simulator_description:/opt/ros/humble /usr/bin/cmake --build /workspaces/ros_agv_pc/src/build/agv_mcu_package -- -j8 -l8
[3.227s] [ 50%] [32mBuilding CXX object CMakeFiles/stm32_bridge.dir/src/stm32_bridge.cpp.o[0m
[8.633s] [01m[K/workspaces/ros_agv_pc/src/agv_mcu_package/src/stm32_bridge.cpp:24:31:[m[K [01;31m[Kerror: [m[Kâ€˜[01m[Kinterfaces[m[Kâ€™ does not name a type
[8.633s]    24 |     void topic_callback(const [01;31m[Kinterfaces[m[K::msg::Steer & msg) const{
[8.633s]       |                               [01;31m[K^~~~~~~~~~[m[K
[8.633s] [01m[K/workspaces/ros_agv_pc/src/agv_mcu_package/src/stm32_bridge.cpp:24:46:[m[K [01;31m[Kerror: [m[Kexpected unqualified-id before â€˜[01m[K::[m[Kâ€™ token
[8.633s]    24 |     void topic_callback(const interfaces::msg[01;31m[K::[m[KSteer & msg) const{
[8.633s]       |                                              [01;31m[K^~[m[K
[8.633s] [01m[K/workspaces/ros_agv_pc/src/agv_mcu_package/src/stm32_bridge.cpp:24:46:[m[K [01;31m[Kerror: [m[Kexpected â€˜[01m[K)[m[Kâ€™ before â€˜[01m[K::[m[Kâ€™ token
[8.634s]    24 |     void topic_callback[34m[K([m[Kconst interfaces::msg[01;31m[K:[m[K[32m[K:[m[KSteer & msg) const{
[8.634s]       |                        [34m[K~[m[K                     [01;31m[K^[m[K[32m[K~[m[K
[8.634s]       |                                              [32m[K)[m[K
[8.635s] [01m[K/workspaces/ros_agv_pc/src/agv_mcu_package/src/stm32_bridge.cpp:24:43:[m[K [01;31m[Kerror: [m[Kexpected â€˜[01m[K;[m[Kâ€™ at end of member declaration
[8.635s]    24 |     void topic_callback(const interfaces::[01;31m[Kmsg[m[K::Steer & msg) const{
[8.635s]       |                                           [01;31m[K^~~[m[K
[8.635s]       |                                              [32m[K;[m[K
[8.641s] [01m[K/workspaces/ros_agv_pc/src/agv_mcu_package/src/stm32_bridge.cpp:24:48:[m[K [01;31m[Kerror: [m[Kâ€˜[01m[KSteer[m[Kâ€™ in namespace â€˜[01m[K::[m[Kâ€™ does not name a type; did you mean â€˜[01m[Ktee[m[Kâ€™?
[8.641s]    24 |     void topic_callback(const interfaces::msg::[01;31m[KSteer[m[K & msg) const{
[8.641s]       |                                                [01;31m[K^~~~~[m[K
[8.641s]       |                                                [32m[Ktee[m[K
[8.654s] [01m[K/workspaces/ros_agv_pc/src/agv_mcu_package/src/stm32_bridge.cpp:33:26:[m[K [01;31m[Kerror: [m[Kâ€˜[01m[Kinterfaces[m[Kâ€™ was not declared in this scope; did you mean â€˜[01m[Krcl_interfaces[m[Kâ€™?
[8.654s]    33 |     rclcpp::Subscription<[01;31m[Kinterfaces[m[K::msg::Steer>::SharedPtr subscription_;
[8.654s]       |                          [01;31m[K^~~~~~~~~~[m[K
[8.655s]       |                          [32m[Krcl_interfaces[m[K
[8.655s] [01m[K/workspaces/ros_agv_pc/src/agv_mcu_package/src/stm32_bridge.cpp:33:48:[m[K [01;31m[Kerror: [m[Ktemplate argument 1 is invalid
[8.655s]    33 |     rclcpp::Subscription<interfaces::msg::Steer[01;31m[K>[m[K::SharedPtr subscription_;
[8.655s]       |                                                [01;31m[K^[m[K
[8.655s] [01m[K/workspaces/ros_agv_pc/src/agv_mcu_package/src/stm32_bridge.cpp:33:48:[m[K [01;31m[Kerror: [m[Ktemplate argument 3 is invalid
[8.655s] [01m[K/workspaces/ros_agv_pc/src/agv_mcu_package/src/stm32_bridge.cpp:33:48:[m[K [01;31m[Kerror: [m[Ktemplate argument 4 is invalid
[8.655s] [01m[K/workspaces/ros_agv_pc/src/agv_mcu_package/src/stm32_bridge.cpp:33:48:[m[K [01;31m[Kerror: [m[Ktemplate argument 5 is invalid
[8.655s] [01m[K/workspaces/ros_agv_pc/src/agv_mcu_package/src/stm32_bridge.cpp:33:51:[m[K [01;31m[Kerror: [m[Kexpected â€˜[01m[K;[m[Kâ€™ at end of member declaration
[8.655s]    33 |     rclcpp::Subscription<interfaces::msg::Steer>::[01;31m[KSharedPtr[m[K subscription_;
[8.656s]       |                                                   [01;31m[K^~~~~~~~~[m[K
[8.656s]       |                                                            [32m[K;[m[K
[8.659s] [01m[K/workspaces/ros_agv_pc/src/agv_mcu_package/src/stm32_bridge.cpp:33:61:[m[K [01;31m[Kerror: [m[Kâ€˜[01m[Ksubscription_[m[Kâ€™ does not name a type; did you mean â€˜[01m[Krmw_subscription_t[m[Kâ€™?
[8.659s]    33 |     rclcpp::Subscription<interfaces::msg::Steer>::SharedPtr [01;31m[Ksubscription_[m[K;
[8.659s]       |                                                             [01;31m[K^~~~~~~~~~~~~[m[K
[8.660s]       |                                                             [32m[Krmw_subscription_t[m[K
[8.672s] [01m[K/workspaces/ros_agv_pc/src/agv_mcu_package/src/stm32_bridge.cpp:[m[K In constructor â€˜[01m[KSTMSubscriber::STMSubscriber()[m[Kâ€™:
[8.672s] [01m[K/workspaces/ros_agv_pc/src/agv_mcu_package/src/stm32_bridge.cpp:19:7:[m[K [01;31m[Kerror: [m[Kâ€˜[01m[Ksubscription_[m[Kâ€™ was not declared in this scope; did you mean â€˜[01m[Krmw_subscription_t[m[Kâ€™?
[8.672s]    19 |       [01;31m[Ksubscription_[m[K = this->create_subscription<interfaces::msg::Steer>(
[8.672s]       |       [01;31m[K^~~~~~~~~~~~~[m[K
[8.672s]       |       [32m[Krmw_subscription_t[m[K
[8.683s] [01m[K/workspaces/ros_agv_pc/src/agv_mcu_package/src/stm32_bridge.cpp:19:49:[m[K [01;31m[Kerror: [m[Kâ€˜[01m[Kinterfaces[m[Kâ€™ was not declared in this scope; did you mean â€˜[01m[Krcl_interfaces[m[Kâ€™?
[8.683s]    19 |       subscription_ = this->create_subscription<[01;31m[Kinterfaces[m[K::msg::Steer>(
[8.684s]       |                                                 [01;31m[K^~~~~~~~~~[m[K
[8.684s]       |                                                 [32m[Krcl_interfaces[m[K
[8.684s] [01m[K/workspaces/ros_agv_pc/src/agv_mcu_package/src/stm32_bridge.cpp:19:29:[m[K [01;31m[Kerror: [m[Kparse error in template argument list
[8.684s]    19 |       subscription_ = this->[01;31m[Kcreate_subscription<interfaces::msg::Steer>[m[K(
[8.684s]       |                             [01;31m[K^~~~~~~~~~~~~~~~~~~~~~~~~~~~~~~~~~~~~~~~~~~[m[K
[8.684s] [01m[K/workspaces/ros_agv_pc/src/agv_mcu_package/src/stm32_bridge.cpp:20:38:[m[K [01;31m[Kerror: [m[Kâ€˜[01m[KMinimalSubscriber[m[Kâ€™ has not been declared
[8.684s]    20 |       "tui_steering", 10, std::bind(&[01;31m[KMinimalSubscriber[m[K::topic_callback, this, _1));
[8.685s]       |                                      [01;31m[K^~~~~~~~~~~~~~~~~[m[K
[8.685s] [01m[K/workspaces/ros_agv_pc/src/agv_mcu_package/src/stm32_bridge.cpp:20:79:[m[K [01;31m[Kerror: [m[Kâ€˜[01m[K_1[m[Kâ€™ was not declared in this scope; did you mean â€˜[01m[Kstd::placeholders::_1[m[Kâ€™?
[8.685s]    20 |  "tui_steering", 10, std::bind(&MinimalSubscriber::topic_callback, this, [01;31m[K_1[m[K));
[8.685s]       |                                                                          [01;31m[K^~[m[K
[8.685s]       |                                                                          [32m[Kstd::placeholders::_1[m[K
[8.685s] In file included from [01m[K/usr/include/c++/11/pstl/glue_algorithm_defs.h:13[m[K,
[8.685s]                  from [01m[K/usr/include/c++/11/algorithm:74[m[K,
[8.686s]                  from [01m[K/opt/ros/humble/include/rclcpp/rclcpp/executor.hpp:18[m[K,
[8.686s]                  from [01m[K/opt/ros/humble/include/rclcpp/rclcpp/executors/multi_threaded_executor.hpp:25[m[K,
[8.686s]                  from [01m[K/opt/ros/humble/include/rclcpp/rclcpp/executors.hpp:21[m[K,
[8.686s]                  from [01m[K/opt/ros/humble/include/rclcpp/rclcpp/rclcpp.hpp:155[m[K,
[8.686s]                  from [01m[K/workspaces/ros_agv_pc/src/agv_mcu_package/src/stm32_bridge.cpp:11[m[K:
[8.686s] [01m[K/usr/include/c++/11/functional:225:34:[m[K [01;36m[Knote: [m[Kâ€˜[01m[Kstd::placeholders::_1[m[Kâ€™ declared here
[8.687s]   225 |     extern const _Placeholder<1> [01;36m[K_1[m[K;
[8.687s]       |                                  [01;36m[K^~[m[K
[9.446s] gmake[2]: *** [CMakeFiles/stm32_bridge.dir/build.make:76: CMakeFiles/stm32_bridge.dir/src/stm32_bridge.cpp.o] Error 1
[9.446s] gmake[1]: *** [CMakeFiles/Makefile2:137: CMakeFiles/stm32_bridge.dir/all] Error 2
[9.446s] gmake: *** [Makefile:146: all] Error 2
[9.448s] Invoked command in '/workspaces/ros_agv_pc/src/build/agv_mcu_package' returned '2': CMAKE_PREFIX_PATH=${CMAKE_PREFIX_PATH}:/workspaces/ros_agv_pc/src/install/textual_gui_pkg:/workspaces/ros_agv_pc/src/install/py_qt_app:/workspaces/ros_agv_pc/src/install/AGV_simulator_description:/opt/ros/humble /usr/bin/cmake --build /workspaces/ros_agv_pc/src/build/agv_mcu_package -- -j8 -l8
