[1.526s] Invoking command in '/workspaces/ros_agv_pc/src/build/agv_mcu_package': CMAKE_PREFIX_PATH=${CMAKE_PREFIX_PATH}:/workspaces/ros_agv_pc/src/install/textual_gui_pkg:/workspaces/ros_agv_pc/src/install/py_qt_app:/workspaces/ros_agv_pc/src/install/AGV_simulator_description:/opt/ros/humble /usr/bin/cmake --build /workspaces/ros_agv_pc/src/build/agv_mcu_package -- -j8 -l8
[3.006s] [35m[1mConsolidate compiler generated dependencies of target stm32_bridge[0m
[3.007s] [ 50%] [32mBuilding CXX object CMakeFiles/stm32_bridge.dir/src/stm32_bridge.cpp.o[0m
[7.494s] [01m[K/workspaces/ros_agv_pc/src/agv_mcu_package/src/stm32_bridge.cpp:[m[K In constructor â€˜[01m[KSTMSubscriber::STMSubscriber()[m[Kâ€™:
[7.494s] [01m[K/workspaces/ros_agv_pc/src/agv_mcu_package/src/stm32_bridge.cpp:32:18:[m[K [01;31m[Kerror: [m[Kreturning a value from a constructor
[7.494s]    32 |           return [01;31m[K1[m[K;
[7.494s]       |                  [01;31m[K^[m[K
[7.513s] [01m[K/workspaces/ros_agv_pc/src/agv_mcu_package/src/stm32_bridge.cpp:[m[K In function â€˜[01m[Kint main(int, char**)[m[Kâ€™:
[7.513s] [01m[K/workspaces/ros_agv_pc/src/agv_mcu_package/src/stm32_bridge.cpp:95:22:[m[K [01;31m[Kerror: [m[Kexpected primary-expression before â€˜[01m[K.[m[Kâ€™ token
[7.513s]    95 |   close(STMSubscriber[01;31m[K.[m[Kserial_port);
[7.514s]       |                      [01;31m[K^[m[K
[7.514s] [01m[K/workspaces/ros_agv_pc/src/agv_mcu_package/src/stm32_bridge.cpp:96:16:[m[K [01;31m[Kerror: [m[Kexpected unqualified-id before â€˜[01m[K.[m[Kâ€™ token
[7.514s]    96 |   STMSubscriber[01;31m[K.[m[Kclose_serial();
[7.514s]       |                [01;31m[K^[m[K
[10.327s] gmake[2]: *** [CMakeFiles/stm32_bridge.dir/build.make:76: CMakeFiles/stm32_bridge.dir/src/stm32_bridge.cpp.o] Error 1
[10.327s] gmake[1]: *** [CMakeFiles/Makefile2:137: CMakeFiles/stm32_bridge.dir/all] Error 2
[10.327s] gmake: *** [Makefile:146: all] Error 2
[10.330s] Invoked command in '/workspaces/ros_agv_pc/src/build/agv_mcu_package' returned '2': CMAKE_PREFIX_PATH=${CMAKE_PREFIX_PATH}:/workspaces/ros_agv_pc/src/install/textual_gui_pkg:/workspaces/ros_agv_pc/src/install/py_qt_app:/workspaces/ros_agv_pc/src/install/AGV_simulator_description:/opt/ros/humble /usr/bin/cmake --build /workspaces/ros_agv_pc/src/build/agv_mcu_package -- -j8 -l8
