[35m[1mConsolidate compiler generated dependencies of target stm32_bridge[0m
[ 50%] [32mBuilding CXX object CMakeFiles/stm32_bridge.dir/src/stm32_bridge.cpp.o[0m
[01m[K/workspaces/ros_agv_pc/src/agv_mcu_package/src/stm32_bridge.cpp:[m[K In constructor â€˜[01m[KSTMSubscriber::STMSubscriber()[m[Kâ€™:
[01m[K/workspaces/ros_agv_pc/src/agv_mcu_package/src/stm32_bridge.cpp:21:75:[m[K [01;31m[Kerror: [m[Kâ€˜[01m[K_1[m[Kâ€™ was not declared in this scope; did you mean â€˜[01m[Kstd::placeholders::_1[m[Kâ€™?
   21 |      "tui_steering", 10, std::bind(&STMSubscriber::topic_callback, this, [01;31m[K_1[m[K));
      |                                                                          [01;31m[K^~[m[K
      |                                                                          [32m[Kstd::placeholders::_1[m[K
In file included from [01m[K/usr/include/c++/11/pstl/glue_algorithm_defs.h:13[m[K,
                 from [01m[K/usr/include/c++/11/algorithm:74[m[K,
                 from [01m[K/opt/ros/humble/include/rclcpp/rclcpp/executor.hpp:18[m[K,
                 from [01m[K/opt/ros/humble/include/rclcpp/rclcpp/executors/multi_threaded_executor.hpp:25[m[K,
                 from [01m[K/opt/ros/humble/include/rclcpp/rclcpp/executors.hpp:21[m[K,
                 from [01m[K/opt/ros/humble/include/rclcpp/rclcpp/rclcpp.hpp:155[m[K,
                 from [01m[K/workspaces/ros_agv_pc/src/agv_mcu_package/src/stm32_bridge.cpp:11[m[K:
[01m[K/usr/include/c++/11/functional:225:34:[m[K [01;36m[Knote: [m[Kâ€˜[01m[Kstd::placeholders::_1[m[Kâ€™ declared here
  225 |     extern const _Placeholder<1> [01;36m[K_1[m[K;
      |                                  [01;36m[K^~[m[K
[01m[K/workspaces/ros_agv_pc/src/agv_mcu_package/src/stm32_bridge.cpp:[m[K In member function â€˜[01m[Kvoid STMSubscriber::topic_callback(const Steer&) const[m[Kâ€™:
[01m[K/workspaces/ros_agv_pc/src/agv_mcu_package/src/stm32_bridge.cpp:32:14:[m[K [01;31m[Kerror: [m[Ktoo few arguments to function â€˜[01m[Kssize_t write(int, const void*, size_t)[m[Kâ€™
   32 |         [01;31m[Kwrite(serial_port)[m[K
      |         [01;31m[K~~~~~^~~~~~~~~~~~~[m[K
In file included from [01m[K/workspaces/ros_agv_pc/src/agv_mcu_package/src/stm32_bridge.cpp:9[m[K:
[01m[K/usr/include/unistd.h:378:16:[m[K [01;36m[Knote: [m[Kdeclared here
  378 | extern ssize_t [01;36m[Kwrite[m[K (int __fd, const void *__buf, size_t __n) __wur
      |                [01;36m[K^~~~~[m[K
gmake[2]: *** [CMakeFiles/stm32_bridge.dir/build.make:76: CMakeFiles/stm32_bridge.dir/src/stm32_bridge.cpp.o] Error 1
gmake[1]: *** [CMakeFiles/Makefile2:137: CMakeFiles/stm32_bridge.dir/all] Error 2
gmake: *** [Makefile:146: all] Error 2
