[01m[K/workspaces/ros_agv_pc/src/subpkg/src/steer_sub.cpp:22:25:[m[K [01;31m[Kerror: [m[Kexpected unqualified-id before â€˜[01m[K<<[m[Kâ€™ token
   22 |     rclcpp::Subscription[01;31m[K<<[m[Kinterfaces::msg::Steer>::SharedPtr subscription_;
      |                         [01;31m[K^~[m[K
[01m[K/workspaces/ros_agv_pc/src/subpkg/src/steer_sub.cpp:[m[K In constructor â€˜[01m[KMinimalSubscriber::MinimalSubscriber()[m[Kâ€™:
[01m[K/workspaces/ros_agv_pc/src/subpkg/src/steer_sub.cpp:13:7:[m[K [01;31m[Kerror: [m[Kâ€˜[01m[Ksubscription_[m[Kâ€™ was not declared in this scope; did you mean â€˜[01m[Krmw_subscription_t[m[Kâ€™?
   13 |       [01;31m[Ksubscription_[m[K = this->create_subscription<interfaces::msg::Steer>(
      |       [01;31m[K^~~~~~~~~~~~~[m[K
      |       [32m[Krmw_subscription_t[m[K
In file included from [01m[K/opt/ros/humble/include/rclcpp/rclcpp/logging.hpp:24[m[K,
                 from [01m[K/opt/ros/humble/include/rclcpp/rclcpp/client.hpp:40[m[K,
                 from [01m[K/opt/ros/humble/include/rclcpp/rclcpp/callback_group.hpp:24[m[K,
                 from [01m[K/opt/ros/humble/include/rclcpp/rclcpp/any_executable.hpp:20[m[K,
                 from [01m[K/opt/ros/humble/include/rclcpp/rclcpp/memory_strategy.hpp:25[m[K,
                 from [01m[K/opt/ros/humble/include/rclcpp/rclcpp/memory_strategies.hpp:18[m[K,
                 from [01m[K/opt/ros/humble/include/rclcpp/rclcpp/executor_options.hpp:20[m[K,
                 from [01m[K/opt/ros/humble/include/rclcpp/rclcpp/executor.hpp:37[m[K,
                 from [01m[K/opt/ros/humble/include/rclcpp/rclcpp/executors/multi_threaded_executor.hpp:25[m[K,
                 from [01m[K/opt/ros/humble/include/rclcpp/rclcpp/executors.hpp:21[m[K,
                 from [01m[K/opt/ros/humble/include/rclcpp/rclcpp/rclcpp.hpp:155[m[K,
                 from [01m[K/workspaces/ros_agv_pc/src/subpkg/src/steer_sub.cpp:3[m[K:
[01m[K/workspaces/ros_agv_pc/src/subpkg/src/steer_sub.cpp:[m[K In member function â€˜[01m[Kvoid MinimalSubscriber::topic_callback(const Steer&) const[m[Kâ€™:
[01m[K/workspaces/ros_agv_pc/src/subpkg/src/steer_sub.cpp:20:65:[m[K [01;31m[Kerror: [m[Kâ€˜[01m[Kconst _data_type[m[Kâ€™ {aka â€˜[01m[Kconst class std::vector<unsigned char, std::allocator<unsigned char> >[m[Kâ€™} has no member named â€˜[01m[Kc_str[m[Kâ€™
   20 |       RCLCPP_INFO(this->get_logger(), "I heard: '%s'", msg.data.[01;31m[Kc_str[m[K());
      |                                                                 [01;31m[K^~~~~[m[K
gmake[2]: *** [CMakeFiles/steer_sub.dir/build.make:76: CMakeFiles/steer_sub.dir/src/steer_sub.cpp.o] Error 1
gmake[1]: *** [CMakeFiles/Makefile2:165: CMakeFiles/steer_sub.dir/all] Error 2
gmake: *** [Makefile:146: all] Error 2
