[35m[1mConsolidate compiler generated dependencies of target stm32_bridge[0m
[ 50%] [32mBuilding CXX object CMakeFiles/stm32_bridge.dir/src/stm32_bridge.cpp.o[0m
[01m[K/workspaces/ros_agv_pc/src/agv_mcu_package/src/stm32_bridge.cpp:[m[K In constructor â€˜[01m[KSTMSubscriber::STMSubscriber()[m[Kâ€™:
[01m[K/workspaces/ros_agv_pc/src/agv_mcu_package/src/stm32_bridge.cpp:32:18:[m[K [01;31m[Kerror: [m[Kreturning a value from a constructor
   32 |           return [01;31m[K1[m[K;
      |                  [01;31m[K^[m[K
[01m[K/workspaces/ros_agv_pc/src/agv_mcu_package/src/stm32_bridge.cpp:[m[K In function â€˜[01m[Kint main(int, char**)[m[Kâ€™:
[01m[K/workspaces/ros_agv_pc/src/agv_mcu_package/src/stm32_bridge.cpp:95:16:[m[K [01;31m[Kerror: [m[Kexpected unqualified-id before â€˜[01m[K.[m[Kâ€™ token
   95 |   STMSubscriber[01;31m[K.[m[Kclose_serial();
      |                [01;31m[K^[m[K
gmake[2]: *** [CMakeFiles/stm32_bridge.dir/build.make:76: CMakeFiles/stm32_bridge.dir/src/stm32_bridge.cpp.o] Error 1
gmake[1]: *** [CMakeFiles/Makefile2:137: CMakeFiles/stm32_bridge.dir/all] Error 2
gmake: *** [Makefile:146: all] Error 2
